[debug] [2026-02-20T07:54:21.428Z] ----------------------------------------------------------------------
[debug] [2026-02-20T07:54:21.429Z] Command:       C:\Program Files\nodejs\node.exe C:\Users\tunar\AppData\Roaming\npm\node_modules\firebase-tools\lib\bin\firebase.js deploy --only functions
[debug] [2026-02-20T07:54:21.429Z] CLI Version:   15.7.0
[debug] [2026-02-20T07:54:21.429Z] Platform:      win32
[debug] [2026-02-20T07:54:21.429Z] Node Version:  v24.13.0
[debug] [2026-02-20T07:54:21.430Z] Time:          Fri Feb 20 2026 16:54:21 GMT+0900 (대한민국 표준시)
[debug] [2026-02-20T07:54:21.430Z] ----------------------------------------------------------------------
[debug] 
[debug] [2026-02-20T07:54:22.540Z] > command requires scopes: ["email","openid","https://www.googleapis.com/auth/cloudplatformprojects.readonly","https://www.googleapis.com/auth/firebase","https://www.googleapis.com/auth/cloud-platform"]
[debug] [2026-02-20T07:54:22.540Z] > authorizing via signed-in user (dsdes0751@gmail.com)
[debug] [2026-02-20T07:54:22.540Z] [iam] checking project proj01-9dede for permissions ["cloudfunctions.functions.create","cloudfunctions.functions.delete","cloudfunctions.functions.get","cloudfunctions.functions.list","cloudfunctions.functions.update","cloudfunctions.operations.get","firebase.projects.get"]
[debug] [2026-02-20T07:54:22.540Z] Checked if tokens are valid: true, expires at: 1771575079512
[debug] [2026-02-20T07:54:22.541Z] Checked if tokens are valid: true, expires at: 1771575079512
[debug] [2026-02-20T07:54:22.541Z] >>> [apiv2][query] POST https://cloudresourcemanager.googleapis.com/v1/projects/proj01-9dede:testIamPermissions [none]
[debug] [2026-02-20T07:54:22.541Z] >>> [apiv2][(partial)header] POST https://cloudresourcemanager.googleapis.com/v1/projects/proj01-9dede:testIamPermissions  x-goog-user-project=proj01-9dede
[debug] [2026-02-20T07:54:22.541Z] >>> [apiv2][body] POST https://cloudresourcemanager.googleapis.com/v1/projects/proj01-9dede:testIamPermissions {"permissions":["cloudfunctions.functions.create","cloudfunctions.functions.delete","cloudfunctions.functions.get","cloudfunctions.functions.list","cloudfunctions.functions.update","cloudfunctions.operations.get","firebase.projects.get"]}
[debug] [2026-02-20T07:54:22.804Z] <<< [apiv2][status] POST https://cloudresourcemanager.googleapis.com/v1/projects/proj01-9dede:testIamPermissions 200
[debug] [2026-02-20T07:54:22.804Z] <<< [apiv2][body] POST https://cloudresourcemanager.googleapis.com/v1/projects/proj01-9dede:testIamPermissions {"permissions":["cloudfunctions.functions.create","cloudfunctions.functions.delete","cloudfunctions.functions.get","cloudfunctions.functions.list","cloudfunctions.functions.update","cloudfunctions.operations.get","firebase.projects.get"]}
[debug] [2026-02-20T07:54:22.804Z] Checked if tokens are valid: true, expires at: 1771575079512
[debug] [2026-02-20T07:54:22.805Z] Checked if tokens are valid: true, expires at: 1771575079512
[debug] [2026-02-20T07:54:22.805Z] >>> [apiv2][query] POST https://iam.googleapis.com/v1/projects/proj01-9dede/serviceAccounts/proj01-9dede@appspot.gserviceaccount.com:testIamPermissions [none]
[debug] [2026-02-20T07:54:22.805Z] >>> [apiv2][body] POST https://iam.googleapis.com/v1/projects/proj01-9dede/serviceAccounts/proj01-9dede@appspot.gserviceaccount.com:testIamPermissions {"permissions":["iam.serviceAccounts.actAs"]}
[debug] [2026-02-20T07:54:23.798Z] <<< [apiv2][status] POST https://iam.googleapis.com/v1/projects/proj01-9dede/serviceAccounts/proj01-9dede@appspot.gserviceaccount.com:testIamPermissions 200
[debug] [2026-02-20T07:54:23.798Z] <<< [apiv2][body] POST https://iam.googleapis.com/v1/projects/proj01-9dede/serviceAccounts/proj01-9dede@appspot.gserviceaccount.com:testIamPermissions {"permissions":["iam.serviceAccounts.actAs"]}
[info] 
[info] === Deploying to 'proj01-9dede'...
[info] 
[info] i  deploying functions 
[info] Running command: npm --prefix "$RESOURCE_DIR" run build
[info] +  functions: Finished running predeploy script. 
[debug] [2026-02-20T07:54:27.242Z] Checked if tokens are valid: true, expires at: 1771575079512
[debug] [2026-02-20T07:54:27.242Z] Checked if tokens are valid: true, expires at: 1771575079512
[debug] [2026-02-20T07:54:27.242Z] >>> [apiv2][query] GET https://cloudresourcemanager.googleapis.com/v1/projects/proj01-9dede [none]
[debug] [2026-02-20T07:54:27.469Z] <<< [apiv2][status] GET https://cloudresourcemanager.googleapis.com/v1/projects/proj01-9dede 200
[debug] [2026-02-20T07:54:27.469Z] <<< [apiv2][body] GET https://cloudresourcemanager.googleapis.com/v1/projects/proj01-9dede {"projectNumber":"691923720143","projectId":"proj01-9dede","lifecycleState":"ACTIVE","name":"proj01","labels":{"firebase":"enabled","firebase-core":"disabled"},"createTime":"2026-02-13T11:58:22.244202Z"}
[info] i  functions: preparing codebase default for deployment 
[info] i  functions: ensuring required API cloudfunctions.googleapis.com is enabled... 
[info] i  functions: ensuring required API cloudbuild.googleapis.com is enabled... 
[info] i  artifactregistry: ensuring required API artifactregistry.googleapis.com is enabled... 
[debug] [2026-02-20T07:54:27.471Z] Checked if tokens are valid: true, expires at: 1771575079512
[debug] [2026-02-20T07:54:27.471Z] Checked if tokens are valid: true, expires at: 1771575079512
[debug] [2026-02-20T07:54:27.471Z] >>> [apiv2][query] GET https://firebase.googleapis.com/v1beta1/projects/proj01-9dede/adminSdkConfig [none]
[debug] [2026-02-20T07:54:27.843Z] <<< [apiv2][status] GET https://firebase.googleapis.com/v1beta1/projects/proj01-9dede/adminSdkConfig 200
[debug] [2026-02-20T07:54:27.844Z] <<< [apiv2][body] GET https://firebase.googleapis.com/v1beta1/projects/proj01-9dede/adminSdkConfig {"projectId":"proj01-9dede","storageBucket":"proj01-9dede.firebasestorage.app"}
[debug] [2026-02-20T07:54:27.844Z] Validating nodejs source
[warn] !  functions: Runtime Node.js 20 will be deprecated on 2026-04-30 and will be decommissioned on 2026-10-30, after which you will not be able to deploy without upgrading. Consider upgrading now to avoid disruption. See https://cloud.google.com/functions/docs/runtime-support for full details on the lifecycle policy 
[debug] [2026-02-20T07:54:28.417Z] > [functions] package.json contents: {
  "name": "functions",
  "scripts": {
    "build": "tsc",
    "build:watch": "tsc --watch",
    "serve": "npm run build && firebase emulators:start --only functions",
    "shell": "npm run build && firebase functions:shell",
    "start": "npm run shell",
    "deploy": "firebase deploy --only functions",
    "logs": "firebase functions:log"
  },
  "engines": {
    "node": "20"
  },
  "main": "lib/index.js",
  "dependencies": {
    "@google/generative-ai": "^0.24.1",
    "firebase-admin": "^12.7.0",
    "firebase-functions": "^7.0.5",
    "graphql": "^16.12.0"
  },
  "devDependencies": {
    "firebase-functions-test": "^3.4.1",
    "typescript": "^5.7.3"
  },
  "private": true
}
[debug] [2026-02-20T07:54:28.417Z] Building nodejs source
[info] i  functions: Loading and analyzing source code for codebase default to determine what to deploy 
[debug] [2026-02-20T07:54:28.418Z] Could not find functions.yaml. Must use http discovery
[debug] [2026-02-20T07:54:28.424Z] Found firebase-functions binary at 'C:\Users\tunar\AndroidStudioProjects\15\functions\node_modules\.bin\firebase-functions'
[info] Serving at port 8872

[debug] [2026-02-20T07:54:28.820Z] Got response from /__/functions.yaml {"endpoints":{"translateManga":{"availableMemoryMb":512,"timeoutSeconds":300,"minInstances":null,"maxInstances":null,"ingressSettings":null,"concurrency":null,"serviceAccountEmail":null,"vpc":null,"platform":"gcfv2","region":["asia-northeast3"],"secretEnvironmentVariables":[{"key":"GEMINI_API_KEY"}],"labels":{},"callableTrigger":{},"entryPoint":"translateManga"},"translateNovelTxt":{"availableMemoryMb":512,"timeoutSeconds":300,"minInstances":null,"maxInstances":null,"ingressSettings":null,"concurrency":null,"serviceAccountEmail":null,"vpc":null,"platform":"gcfv2","region":["asia-northeast3"],"secretEnvironmentVariables":[{"key":"GEMINI_API_KEY"}],"labels":{},"callableTrigger":{},"entryPoint":"translateNovelTxt"},"purchaseVnCredits":{"availableMemoryMb":null,"timeoutSeconds":null,"minInstances":null,"maxInstances":null,"ingressSettings":null,"concurrency":null,"serviceAccountEmail":null,"vpc":null,"platform":"gcfv2","region":["asia-northeast3"],"labels":{},"callableTrigger":{},"entryPoint":"purchaseVnCredits"},"translateVnFast":{"availableMemoryMb":512,"timeoutSeconds":120,"minInstances":null,"maxInstances":null,"ingressSettings":null,"concurrency":null,"serviceAccountEmail":null,"vpc":null,"platform":"gcfv2","region":["asia-northeast3"],"secretEnvironmentVariables":[{"key":"DEEPL_API_KEY"}],"labels":{},"callableTrigger":{},"entryPoint":"translateVnFast"},"verifyPurchase":{"availableMemoryMb":null,"timeoutSeconds":null,"minInstances":null,"maxInstances":null,"ingressSettings":null,"concurrency":null,"serviceAccountEmail":null,"vpc":null,"platform":"gcfv2","region":["asia-northeast3"],"labels":{},"callableTrigger":{},"entryPoint":"verifyPurchase"},"onUserCreated":{"platform":"gcfv1","availableMemoryMb":null,"timeoutSeconds":null,"minInstances":null,"maxInstances":null,"ingressSettings":null,"serviceAccountEmail":null,"vpc":null,"eventTrigger":{"eventType":"providers/firebase.auth/eventTypes/user.create","eventFilters":{"resource":"projects/proj01-9dede"},"retry":false},"labels":{},"entryPoint":"onUserCreated"}},"specVersion":"v1alpha1","requiredAPIs":[],"extensions":{}}
[info] i  extensions: ensuring required API firebaseextensions.googleapis.com is enabled... 
[debug] [2026-02-20T07:54:32.851Z] > command requires scopes: ["email","openid","https://www.googleapis.com/auth/cloudplatformprojects.readonly","https://www.googleapis.com/auth/firebase","https://www.googleapis.com/auth/cloud-platform"]
[debug] [2026-02-20T07:54:32.852Z] > authorizing via signed-in user (dsdes0751@gmail.com)
[debug] [2026-02-20T07:54:32.852Z] [iam] checking project proj01-9dede for permissions ["firebase.projects.get","firebaseextensions.instances.list"]
[debug] [2026-02-20T07:54:32.852Z] Checked if tokens are valid: true, expires at: 1771575079512
[debug] [2026-02-20T07:54:32.852Z] Checked if tokens are valid: true, expires at: 1771575079512
[debug] [2026-02-20T07:54:32.852Z] >>> [apiv2][query] POST https://cloudresourcemanager.googleapis.com/v1/projects/proj01-9dede:testIamPermissions [none]
[debug] [2026-02-20T07:54:32.852Z] >>> [apiv2][(partial)header] POST https://cloudresourcemanager.googleapis.com/v1/projects/proj01-9dede:testIamPermissions  x-goog-user-project=proj01-9dede
[debug] [2026-02-20T07:54:32.852Z] >>> [apiv2][body] POST https://cloudresourcemanager.googleapis.com/v1/projects/proj01-9dede:testIamPermissions {"permissions":["firebase.projects.get","firebaseextensions.instances.list"]}
[debug] [2026-02-20T07:54:33.090Z] <<< [apiv2][status] POST https://cloudresourcemanager.googleapis.com/v1/projects/proj01-9dede:testIamPermissions 200
[debug] [2026-02-20T07:54:33.090Z] <<< [apiv2][body] POST https://cloudresourcemanager.googleapis.com/v1/projects/proj01-9dede:testIamPermissions {"permissions":["firebase.projects.get","firebaseextensions.instances.list"]}
[debug] [2026-02-20T07:54:33.090Z] Checked if tokens are valid: true, expires at: 1771575079512
[debug] [2026-02-20T07:54:33.090Z] Checked if tokens are valid: true, expires at: 1771575079512
[debug] [2026-02-20T07:54:33.091Z] >>> [apiv2][query] GET https://firebaseextensions.googleapis.com/v1beta/projects/proj01-9dede/instances pageSize=100&pageToken=
[debug] [2026-02-20T07:54:34.038Z] <<< [apiv2][status] GET https://firebaseextensions.googleapis.com/v1beta/projects/proj01-9dede/instances 200
[debug] [2026-02-20T07:54:34.038Z] <<< [apiv2][body] GET https://firebaseextensions.googleapis.com/v1beta/projects/proj01-9dede/instances {}
[info] i  functions: preparing functions directory for uploading... 
[info] i  functions: packaged C:\Users\tunar\AndroidStudioProjects\15\functions (91.34 KB) for uploading 
[info] i  functions: packaged C:\Users\tunar\AndroidStudioProjects\15\functions (91.34 KB) for uploading 
[debug] [2026-02-20T07:54:34.069Z] Checked if tokens are valid: true, expires at: 1771575079512
[debug] [2026-02-20T07:54:34.069Z] Checked if tokens are valid: true, expires at: 1771575079512
[debug] [2026-02-20T07:54:34.069Z] >>> [apiv2][query] GET https://cloudfunctions.googleapis.com/v1/projects/proj01-9dede/locations/-/functions [none]
[debug] [2026-02-20T07:54:34.702Z] <<< [apiv2][status] GET https://cloudfunctions.googleapis.com/v1/projects/proj01-9dede/locations/-/functions 200
[debug] [2026-02-20T07:54:34.702Z] <<< [apiv2][body] GET https://cloudfunctions.googleapis.com/v1/projects/proj01-9dede/locations/-/functions {"functions":[{"name":"projects/proj01-9dede/locations/us-central1/functions/onUserCreated","eventTrigger":{"eventType":"providers/firebase.auth/eventTypes/user.create","resource":"projects/proj01-9dede","service":"firebaseauth.googleapis.com","failurePolicy":{}},"status":"DELETE_IN_PROGRESS","entryPoint":"onUserCreated","timeout":"60s","availableMemoryMb":256,"serviceAccountEmail":"proj01-9dede@appspot.gserviceaccount.com","updateTime":"2026-02-20T07:31:41.559182867Z","versionId":"5","labels":{"deployment-tool":"cli-firebase","firebase-functions-hash":"3b94921465f1019a0326e10b161dda02a2bbb3fd"},"sourceUploadUrl":"https://storage.googleapis.com/uploads-1073698997961.us-central1.cloudfunctions.appspot.com/30186816-4498-4bbc-9fc2-935a67d58629.zip","environmentVariables":{"FIREBASE_CONFIG":"{\"projectId\":\"proj01-9dede\",\"storageBucket\":\"proj01-9dede.firebasestorage.app\"}","GCLOUD_PROJECT":"proj01-9dede","EVENTARC_CLOUD_EVENT_SOURCE":"projects/proj01-9dede/locations/us-central1/functions/onUserCreated"},"runtime":"nodejs20","maxInstances":3000,"ingressSettings":"ALLOW_ALL","buildId":"c7d6a51f-f286-4183-b062-f66cc87048b1","buildEnvironmentVariables":{"GOOGLE_NODE_RUN_SCRIPTS":""},"buildName":"projects/691923720143/locations/us-central1/builds/c7d6a51f-f286-4183-b062-f66cc87048b1","dockerRegistry":"ARTIFACT_REGISTRY","automaticUpdatePolicy":{},"buildServiceAccount":"projects/proj01-9dede/serviceAccounts/691923720143-compute@developer.gserviceaccount.com","satisfiesPzi":true}]}
[debug] [2026-02-20T07:54:34.703Z] Checked if tokens are valid: true, expires at: 1771575079512
[debug] [2026-02-20T07:54:34.703Z] Checked if tokens are valid: true, expires at: 1771575079512
[debug] [2026-02-20T07:54:34.703Z] >>> [apiv2][query] GET https://cloudfunctions.googleapis.com/v2/projects/proj01-9dede/locations/-/functions filter=environment%3D%22GEN_2%22
[debug] [2026-02-20T07:54:35.969Z] <<< [apiv2][status] GET https://cloudfunctions.googleapis.com/v2/projects/proj01-9dede/locations/-/functions 200
[debug] [2026-02-20T07:54:35.969Z] <<< [apiv2][body] GET https://cloudfunctions.googleapis.com/v2/projects/proj01-9dede/locations/-/functions {"functions":[{"name":"projects/proj01-9dede/locations/asia-northeast3/functions/verifyPurchase","buildConfig":{"build":"projects/691923720143/locations/asia-northeast3/builds/1cd93c46-8a5a-4366-83d1-b660ca8c7c42","runtime":"nodejs20","entryPoint":"verifyPurchase","source":{"storageSource":{"bucket":"gcf-v2-sources-691923720143-asia-northeast3","object":"verifyPurchase/function-source.zip","generation":"1771573939697687"}},"environmentVariables":{"GOOGLE_NODE_RUN_SCRIPTS":""},"dockerRepository":"projects/proj01-9dede/locations/asia-northeast3/repositories/gcf-artifacts","sourceProvenance":{"resolvedStorageSource":{"bucket":"gcf-v2-sources-691923720143-asia-northeast3","object":"verifyPurchase/function-source.zip","generation":"1771573939697687"}},"dockerRegistry":"ARTIFACT_REGISTRY","serviceAccount":"projects/proj01-9dede/serviceAccounts/691923720143-compute@developer.gserviceaccount.com","automaticUpdatePolicy":{}},"serviceConfig":{"service":"projects/proj01-9dede/locations/asia-northeast3/services/verifypurchase","timeoutSeconds":60,"environmentVariables":{"FIREBASE_CONFIG":"{\"projectId\":\"proj01-9dede\",\"storageBucket\":\"proj01-9dede.firebasestorage.app\"}","GCLOUD_PROJECT":"proj01-9dede","EVENTARC_CLOUD_EVENT_SOURCE":"projects/proj01-9dede/locations/asia-northeast3/services/verifyPurchase","FUNCTION_TARGET":"verifyPurchase","LOG_EXECUTION_ID":"true","FUNCTION_SIGNATURE_TYPE":"http"},"maxInstanceCount":20,"ingressSettings":"ALLOW_ALL","uri":"https://verifypurchase-5fxh24pwoq-du.a.run.app","serviceAccountEmail":"691923720143-compute@developer.gserviceaccount.com","availableMemory":"256Mi","allTrafficOnLatestRevision":true,"revision":"verifypurchase-00014-kop","maxInstanceRequestConcurrency":80,"availableCpu":"1"},"state":"ACTIVE","updateTime":"2026-02-20T07:52:25.722802828Z","labels":{"deployment-callable":"true","firebase-functions-hash":"5126ae448f384c99a65afaf4c78f893788bcac05","deployment-tool":"cli-firebase"},"environment":"GEN_2","url":"https://asia-northeast3-proj01-9dede.cloudfunctions.net/verifyPurchase","satisfiesPzs":true,"createTime":"2026-02-13T13:39:23.430902799Z","satisfiesPzi":true},{"name":"projects/proj01-9dede/locations/asia-northeast3/functions/translateVnFast","buildConfig":{"build":"projects/691923720143/locations/asia-northeast3/builds/fb4bb77c-67f7-4ab8-870b-1294c849170c","runtime":"nodejs20","entryPoint":"translateVnFast","source":{"storageSource":{"bucket":"gcf-v2-sources-691923720143-asia-northeast3","object":"translateVnFast/function-source.zip","generation":"1771573939702493"}},"environmentVariables":{"GOOGLE_NODE_RUN_SCRIPTS":""},"dockerRepository":"projects/proj01-9dede/locations/asia-northeast3/repositories/gcf-artifacts","sourceProvenance":{"resolvedStorageSource":{"bucket":"gcf-v2-sources-691923720143-asia-northeast3","object":"translateVnFast/function-source.zip","generation":"1771573939702493"}},"dockerRegistry":"ARTIFACT_REGISTRY","serviceAccount":"projects/proj01-9dede/serviceAccounts/691923720143-compute@developer.gserviceaccount.com","automaticUpdatePolicy":{}},"serviceConfig":{"service":"projects/proj01-9dede/locations/asia-northeast3/services/translatevnfast","timeoutSeconds":120,"environmentVariables":{"FIREBASE_CONFIG":"{\"projectId\":\"proj01-9dede\",\"storageBucket\":\"proj01-9dede.firebasestorage.app\"}","GCLOUD_PROJECT":"proj01-9dede","EVENTARC_CLOUD_EVENT_SOURCE":"projects/proj01-9dede/locations/asia-northeast3/services/translateVnFast","FUNCTION_TARGET":"translateVnFast","LOG_EXECUTION_ID":"true","FUNCTION_SIGNATURE_TYPE":"http"},"maxInstanceCount":20,"ingressSettings":"ALLOW_ALL","uri":"https://translatevnfast-5fxh24pwoq-du.a.run.app","serviceAccountEmail":"691923720143-compute@developer.gserviceaccount.com","availableMemory":"512Mi","allTrafficOnLatestRevision":true,"secretEnvironmentVariables":[{"key":"DEEPL_API_KEY","projectId":"proj01-9dede","secret":"DEEPL_API_KEY","version":"2"}],"revision":"translatevnfast-00004-nuw","maxInstanceRequestConcurrency":80,"availableCpu":"1"},"state":"ACTIVE","updateTime":"2026-02-20T07:52:26.383036989Z","labels":{"deployment-tool":"cli-firebase","deployment-callable":"true","firebase-functions-hash":"07d154cdd2910323c6d449b8bdfaaf1696a98767"},"environment":"GEN_2","url":"https://asia-northeast3-proj01-9dede.cloudfunctions.net/translateVnFast","satisfiesPzs":true,"createTime":"2026-02-20T06:27:02.226703553Z","satisfiesPzi":true},{"name":"projects/proj01-9dede/locations/asia-northeast3/functions/purchaseVnCredits","buildConfig":{"build":"projects/691923720143/locations/asia-northeast3/builds/1cd93c46-8a5a-4366-83d1-b660ca8c7c42","runtime":"nodejs20","entryPoint":"purchaseVnCredits","source":{"storageSource":{"bucket":"gcf-v2-sources-691923720143-asia-northeast3","object":"purchaseVnCredits/function-source.zip","generation":"1771573900252630"}},"environmentVariables":{"GOOGLE_NODE_RUN_SCRIPTS":""},"dockerRepository":"projects/proj01-9dede/locations/asia-northeast3/repositories/gcf-artifacts","sourceProvenance":{"resolvedStorageSource":{"bucket":"gcf-v2-sources-691923720143-asia-northeast3","object":"purchaseVnCredits/function-source.zip","generation":"1771573900252630"}},"dockerRegistry":"ARTIFACT_REGISTRY","serviceAccount":"projects/proj01-9dede/serviceAccounts/691923720143-compute@developer.gserviceaccount.com","automaticUpdatePolicy":{}},"serviceConfig":{"service":"projects/proj01-9dede/locations/asia-northeast3/services/purchasevncredits","timeoutSeconds":60,"environmentVariables":{"FIREBASE_CONFIG":"{\"projectId\":\"proj01-9dede\",\"storageBucket\":\"proj01-9dede.firebasestorage.app\"}","GCLOUD_PROJECT":"proj01-9dede","EVENTARC_CLOUD_EVENT_SOURCE":"projects/proj01-9dede/locations/asia-northeast3/services/purchaseVnCredits","FUNCTION_TARGET":"purchaseVnCredits","LOG_EXECUTION_ID":"true"},"maxInstanceCount":20,"ingressSettings":"ALLOW_ALL","uri":"https://purchasevncredits-5fxh24pwoq-du.a.run.app","serviceAccountEmail":"691923720143-compute@developer.gserviceaccount.com","availableMemory":"256Mi","allTrafficOnLatestRevision":true,"revision":"purchasevncredits-00004-nih","maxInstanceRequestConcurrency":80,"availableCpu":"1"},"state":"ACTIVE","updateTime":"2026-02-20T07:52:25.498115014Z","labels":{"deployment-callable":"true","firebase-functions-hash":"5126ae448f384c99a65afaf4c78f893788bcac05","deployment-tool":"cli-firebase"},"environment":"GEN_2","url":"https://asia-northeast3-proj01-9dede.cloudfunctions.net/purchaseVnCredits","satisfiesPzs":true,"createTime":"2026-02-20T06:27:02.126576331Z","satisfiesPzi":true},{"name":"projects/proj01-9dede/locations/asia-northeast3/functions/translateManga","buildConfig":{"build":"projects/691923720143/locations/asia-northeast3/builds/fb4bb77c-67f7-4ab8-870b-1294c849170c","runtime":"nodejs20","entryPoint":"translateManga","source":{"storageSource":{"bucket":"gcf-v2-sources-691923720143-asia-northeast3","object":"translateManga/function-source.zip","generation":"1771573900253720"}},"environmentVariables":{"GOOGLE_NODE_RUN_SCRIPTS":""},"dockerRepository":"projects/proj01-9dede/locations/asia-northeast3/repositories/gcf-artifacts","sourceProvenance":{"resolvedStorageSource":{"bucket":"gcf-v2-sources-691923720143-asia-northeast3","object":"translateManga/function-source.zip","generation":"1771573900253720"}},"dockerRegistry":"ARTIFACT_REGISTRY","serviceAccount":"projects/proj01-9dede/serviceAccounts/691923720143-compute@developer.gserviceaccount.com","automaticUpdatePolicy":{}},"serviceConfig":{"service":"projects/proj01-9dede/locations/asia-northeast3/services/translatemanga","timeoutSeconds":300,"environmentVariables":{"FIREBASE_CONFIG":"{\"projectId\":\"proj01-9dede\",\"storageBucket\":\"proj01-9dede.firebasestorage.app\"}","GCLOUD_PROJECT":"proj01-9dede","EVENTARC_CLOUD_EVENT_SOURCE":"projects/proj01-9dede/locations/asia-northeast3/services/translateManga","FUNCTION_TARGET":"translateManga","LOG_EXECUTION_ID":"true","FUNCTION_SIGNATURE_TYPE":"http"},"maxInstanceCount":20,"ingressSettings":"ALLOW_ALL","uri":"https://translatemanga-5fxh24pwoq-du.a.run.app","serviceAccountEmail":"691923720143-compute@developer.gserviceaccount.com","availableMemory":"512Mi","allTrafficOnLatestRevision":true,"secretEnvironmentVariables":[{"key":"GEMINI_API_KEY","projectId":"proj01-9dede","secret":"GEMINI_API_KEY","version":"1"}],"revision":"translatemanga-00014-xel","maxInstanceRequestConcurrency":80,"availableCpu":"1"},"state":"ACTIVE","updateTime":"2026-02-20T07:52:23.468431535Z","labels":{"firebase-functions-hash":"149ebcf7dc8da24e41194f80e6dec4236aceeea8","deployment-tool":"cli-firebase","deployment-callable":"true"},"environment":"GEN_2","url":"https://asia-northeast3-proj01-9dede.cloudfunctions.net/translateManga","satisfiesPzs":true,"createTime":"2026-02-13T13:39:24.528505408Z","satisfiesPzi":true},{"name":"projects/proj01-9dede/locations/asia-northeast3/functions/translateNovelTxt","buildConfig":{"build":"projects/691923720143/locations/asia-northeast3/builds/fb4bb77c-67f7-4ab8-870b-1294c849170c","runtime":"nodejs20","entryPoint":"translateNovelTxt","source":{"storageSource":{"bucket":"gcf-v2-sources-691923720143-asia-northeast3","object":"translateNovelTxt/function-source.zip","generation":"1771573939610697"}},"environmentVariables":{"GOOGLE_NODE_RUN_SCRIPTS":""},"dockerRepository":"projects/proj01-9dede/locations/asia-northeast3/repositories/gcf-artifacts","sourceProvenance":{"resolvedStorageSource":{"bucket":"gcf-v2-sources-691923720143-asia-northeast3","object":"translateNovelTxt/function-source.zip","generation":"1771573939610697"}},"dockerRegistry":"ARTIFACT_REGISTRY","serviceAccount":"projects/proj01-9dede/serviceAccounts/691923720143-compute@developer.gserviceaccount.com","automaticUpdatePolicy":{}},"serviceConfig":{"service":"projects/proj01-9dede/locations/asia-northeast3/services/translatenoveltxt","timeoutSeconds":300,"environmentVariables":{"FIREBASE_CONFIG":"{\"projectId\":\"proj01-9dede\",\"storageBucket\":\"proj01-9dede.firebasestorage.app\"}","GCLOUD_PROJECT":"proj01-9dede","EVENTARC_CLOUD_EVENT_SOURCE":"projects/proj01-9dede/locations/asia-northeast3/services/translateNovelTxt","FUNCTION_TARGET":"translateNovelTxt","LOG_EXECUTION_ID":"true","FUNCTION_SIGNATURE_TYPE":"http"},"maxInstanceCount":20,"ingressSettings":"ALLOW_ALL","uri":"https://translatenoveltxt-5fxh24pwoq-du.a.run.app","serviceAccountEmail":"691923720143-compute@developer.gserviceaccount.com","availableMemory":"512Mi","allTrafficOnLatestRevision":true,"secretEnvironmentVariables":[{"key":"GEMINI_API_KEY","projectId":"proj01-9dede","secret":"GEMINI_API_KEY","version":"1"}],"revision":"translatenoveltxt-00007-xad","maxInstanceRequestConcurrency":80,"availableCpu":"1"},"state":"ACTIVE","updateTime":"2026-02-20T07:52:25.861100340Z","labels":{"firebase-functions-hash":"149ebcf7dc8da24e41194f80e6dec4236aceeea8","deployment-tool":"cli-firebase","deployment-callable":"true"},"environment":"GEN_2","url":"https://asia-northeast3-proj01-9dede.cloudfunctions.net/translateNovelTxt","satisfiesPzs":true,"createTime":"2026-02-16T05:49:01.536946300Z","satisfiesPzi":true}]}
[info] i  functions: ensuring required API run.googleapis.com is enabled... 
[info] i  functions: ensuring required API eventarc.googleapis.com is enabled... 
[info] i  functions: ensuring required API pubsub.googleapis.com is enabled... 
[info] i  functions: ensuring required API storage.googleapis.com is enabled... 
[info] i  functions: generating the service identity for pubsub.googleapis.com... 
[debug] [2026-02-20T07:54:35.971Z] Checked if tokens are valid: true, expires at: 1771575079512
[debug] [2026-02-20T07:54:35.971Z] Checked if tokens are valid: true, expires at: 1771575079512
[info] i  functions: generating the service identity for eventarc.googleapis.com... 
[debug] [2026-02-20T07:54:35.971Z] Checked if tokens are valid: true, expires at: 1771575079512
[debug] [2026-02-20T07:54:35.971Z] Checked if tokens are valid: true, expires at: 1771575079512
[debug] [2026-02-20T07:54:35.972Z] >>> [apiv2][query] POST https://serviceusage.googleapis.com/v1beta1/projects/691923720143/services/pubsub.googleapis.com:generateServiceIdentity [none]
[debug] [2026-02-20T07:54:35.972Z] >>> [apiv2][(partial)header] POST https://serviceusage.googleapis.com/v1beta1/projects/691923720143/services/pubsub.googleapis.com:generateServiceIdentity  x-goog-user-project=691923720143
[debug] [2026-02-20T07:54:35.972Z] >>> [apiv2][body] POST https://serviceusage.googleapis.com/v1beta1/projects/691923720143/services/pubsub.googleapis.com:generateServiceIdentity {}
[debug] [2026-02-20T07:54:35.972Z] >>> [apiv2][query] POST https://serviceusage.googleapis.com/v1beta1/projects/691923720143/services/eventarc.googleapis.com:generateServiceIdentity [none]
[debug] [2026-02-20T07:54:35.972Z] >>> [apiv2][(partial)header] POST https://serviceusage.googleapis.com/v1beta1/projects/691923720143/services/eventarc.googleapis.com:generateServiceIdentity  x-goog-user-project=691923720143
[debug] [2026-02-20T07:54:35.972Z] >>> [apiv2][body] POST https://serviceusage.googleapis.com/v1beta1/projects/691923720143/services/eventarc.googleapis.com:generateServiceIdentity {}
[debug] [2026-02-20T07:54:37.110Z] <<< [apiv2][status] POST https://serviceusage.googleapis.com/v1beta1/projects/691923720143/services/pubsub.googleapis.com:generateServiceIdentity 200
[debug] [2026-02-20T07:54:37.110Z] <<< [apiv2][body] POST https://serviceusage.googleapis.com/v1beta1/projects/691923720143/services/pubsub.googleapis.com:generateServiceIdentity {"name":"operations/finished.DONE_OPERATION","done":true,"response":{"@type":"type.googleapis.com/google.api.serviceusage.v1beta1.ServiceIdentity","email":"service-691923720143@gcp-sa-pubsub.iam.gserviceaccount.com","uniqueId":"110180219043465494562"}}
[debug] [2026-02-20T07:54:37.128Z] <<< [apiv2][status] POST https://serviceusage.googleapis.com/v1beta1/projects/691923720143/services/eventarc.googleapis.com:generateServiceIdentity 200
[debug] [2026-02-20T07:54:37.128Z] <<< [apiv2][body] POST https://serviceusage.googleapis.com/v1beta1/projects/691923720143/services/eventarc.googleapis.com:generateServiceIdentity {"name":"operations/finished.DONE_OPERATION","done":true,"response":{"@type":"type.googleapis.com/google.api.serviceusage.v1beta1.ServiceIdentity","email":"service-691923720143@gcp-sa-eventarc.iam.gserviceaccount.com","uniqueId":"113047368741201652934"}}
[info] i  functions: ensuring required API secretmanager.googleapis.com is enabled... 
[debug] [2026-02-20T07:54:37.129Z] Checked if tokens are valid: true, expires at: 1771575079512
[debug] [2026-02-20T07:54:37.129Z] Checked if tokens are valid: true, expires at: 1771575079512
[debug] [2026-02-20T07:54:37.130Z] Checked if tokens are valid: true, expires at: 1771575079512
[debug] [2026-02-20T07:54:37.130Z] Checked if tokens are valid: true, expires at: 1771575079512
[debug] [2026-02-20T07:54:37.130Z] >>> [apiv2][query] GET https://secretmanager.googleapis.com/v1/projects/proj01-9dede/secrets/GEMINI_API_KEY/versions/latest [none]
[debug] [2026-02-20T07:54:37.130Z] >>> [apiv2][query] GET https://secretmanager.googleapis.com/v1/projects/proj01-9dede/secrets/DEEPL_API_KEY/versions/latest [none]
[debug] [2026-02-20T07:54:37.538Z] <<< [apiv2][status] GET https://secretmanager.googleapis.com/v1/projects/proj01-9dede/secrets/DEEPL_API_KEY/versions/latest 200
[debug] [2026-02-20T07:54:37.538Z] <<< [apiv2][body] GET https://secretmanager.googleapis.com/v1/projects/proj01-9dede/secrets/DEEPL_API_KEY/versions/latest {"name":"projects/691923720143/secrets/DEEPL_API_KEY/versions/2","createTime":"2026-02-20T06:26:32.504418Z","state":"ENABLED","replicationStatus":{"automatic":{}},"etag":"\"164b3b80928862\""}
[debug] [2026-02-20T07:54:37.538Z] Resolved secret version of DEEPL_API_KEY to 2.
[debug] [2026-02-20T07:54:37.538Z] <<< [apiv2][status] GET https://secretmanager.googleapis.com/v1/projects/proj01-9dede/secrets/GEMINI_API_KEY/versions/latest 200
[debug] [2026-02-20T07:54:37.538Z] <<< [apiv2][body] GET https://secretmanager.googleapis.com/v1/projects/proj01-9dede/secrets/GEMINI_API_KEY/versions/latest {"name":"projects/691923720143/secrets/GEMINI_API_KEY/versions/1","createTime":"2026-02-13T13:38:21.135013Z","state":"ENABLED","replicationStatus":{"automatic":{}},"etag":"\"164ab4b7f53ca5\""}
[debug] [2026-02-20T07:54:37.538Z] Resolved secret version of GEMINI_API_KEY to 1.
[debug] [2026-02-20T07:54:37.539Z] Checked if tokens are valid: true, expires at: 1771575079512
[debug] [2026-02-20T07:54:37.539Z] Checked if tokens are valid: true, expires at: 1771575079512
[debug] [2026-02-20T07:54:37.539Z] >>> [apiv2][query] GET https://cloudresourcemanager.googleapis.com/v1/projects/proj01-9dede [none]
[debug] [2026-02-20T07:54:37.759Z] <<< [apiv2][status] GET https://cloudresourcemanager.googleapis.com/v1/projects/proj01-9dede 200
[debug] [2026-02-20T07:54:37.760Z] <<< [apiv2][body] GET https://cloudresourcemanager.googleapis.com/v1/projects/proj01-9dede {"projectNumber":"691923720143","projectId":"proj01-9dede","lifecycleState":"ACTIVE","name":"proj01","labels":{"firebase":"enabled","firebase-core":"disabled"},"createTime":"2026-02-13T11:58:22.244202Z"}
[debug] [2026-02-20T07:54:37.760Z] Checked if tokens are valid: true, expires at: 1771575079512
[debug] [2026-02-20T07:54:37.760Z] Checked if tokens are valid: true, expires at: 1771575079512
[debug] [2026-02-20T07:54:37.760Z] >>> [apiv2][query] GET https://compute.googleapis.com/compute/v1/projects/691923720143 [none]
[debug] [2026-02-20T07:54:38.044Z] <<< [apiv2][status] GET https://compute.googleapis.com/compute/v1/projects/691923720143 403
[debug] [2026-02-20T07:54:38.044Z] <<< [apiv2][body] GET https://compute.googleapis.com/compute/v1/projects/691923720143 {"error":{"code":403,"message":"Compute Engine API has not been used in project 691923720143 before or it is disabled. Enable it by visiting https://console.developers.google.com/apis/api/compute.googleapis.com/overview?project=691923720143 then retry. If you enabled this API recently, wait a few minutes for the action to propagate to our systems and retry.","errors":[{"message":"Compute Engine API has not been used in project 691923720143 before or it is disabled. Enable it by visiting https://console.developers.google.com/apis/api/compute.googleapis.com/overview?project=691923720143 then retry. If you enabled this API recently, wait a few minutes for the action to propagate to our systems and retry.","domain":"usageLimits","reason":"accessNotConfigured","extendedHelp":"https://console.developers.google.com"}],"status":"PERMISSION_DENIED","details":[{"@type":"type.googleapis.com/google.rpc.ErrorInfo","reason":"SERVICE_DISABLED","domain":"googleapis.com","metadata":{"serviceTitle":"Compute Engine API","service":"compute.googleapis.com","activationUrl":"https://console.developers.google.com/apis/api/compute.googleapis.com/overview?project=691923720143","containerInfo":"691923720143","consumer":"projects/691923720143"}},{"@type":"type.googleapis.com/google.rpc.LocalizedMessage","locale":"en-US","message":"Compute Engine API has not been used in project 691923720143 before or it is disabled. Enable it by visiting https://console.developers.google.com/apis/api/compute.googleapis.com/overview?project=691923720143 then retry. If you enabled this API recently, wait a few minutes for the action to propagate to our systems and retry."},{"@type":"type.googleapis.com/google.rpc.Help","links":[{"description":"Google developers console API activation","url":"https://console.developers.google.com/apis/api/compute.googleapis.com/overview?project=691923720143"}]}]}}
[debug] [2026-02-20T07:54:38.044Z] unable to look up default compute service account. Falling back to 691923720143-compute@developer.gserviceaccount.com. Error: {"name":"FirebaseError","children":[],"context":{"body":{"error":{"code":403,"message":"Compute Engine API has not been used in project 691923720143 before or it is disabled. Enable it by visiting https://console.developers.google.com/apis/api/compute.googleapis.com/overview?project=691923720143 then retry. If you enabled this API recently, wait a few minutes for the action to propagate to our systems and retry.","errors":[{"message":"Compute Engine API has not been used in project 691923720143 before or it is disabled. Enable it by visiting https://console.developers.google.com/apis/api/compute.googleapis.com/overview?project=691923720143 then retry. If you enabled this API recently, wait a few minutes for the action to propagate to our systems and retry.","domain":"usageLimits","reason":"accessNotConfigured","extendedHelp":"https://console.developers.google.com"}],"status":"PERMISSION_DENIED","details":[{"@type":"type.googleapis.com/google.rpc.ErrorInfo","reason":"SERVICE_DISABLED","domain":"googleapis.com","metadata":{"serviceTitle":"Compute Engine API","service":"compute.googleapis.com","activationUrl":"https://console.developers.google.com/apis/api/compute.googleapis.com/overview?project=691923720143","containerInfo":"691923720143","consumer":"projects/691923720143"}},{"@type":"type.googleapis.com/google.rpc.LocalizedMessage","locale":"en-US","message":"Compute Engine API has not been used in project 691923720143 before or it is disabled. Enable it by visiting https://console.developers.google.com/apis/api/compute.googleapis.com/overview?project=691923720143 then retry. If you enabled this API recently, wait a few minutes for the action to propagate to our systems and retry."},{"@type":"type.googleapis.com/google.rpc.Help","links":[{"description":"Google developers console API activation","url":"https://console.developers.google.com/apis/api/compute.googleapis.com/overview?project=691923720143"}]}]}},"response":{"statusCode":403}},"exit":1,"message":"Request to https://compute.googleapis.com/compute/v1/projects/691923720143 had HTTP Error: 403, Compute Engine API has not been used in project 691923720143 before or it is disabled. Enable it by visiting https://console.developers.google.com/apis/api/compute.googleapis.com/overview?project=691923720143 then retry. If you enabled this API recently, wait a few minutes for the action to propagate to our systems and retry.","status":403}
[debug] [2026-02-20T07:54:38.044Z] Checked if tokens are valid: true, expires at: 1771575079512
[debug] [2026-02-20T07:54:38.045Z] Checked if tokens are valid: true, expires at: 1771575079512
[debug] [2026-02-20T07:54:38.045Z] >>> [apiv2][query] GET https://compute.googleapis.com/compute/v1/projects/691923720143 [none]
[debug] [2026-02-20T07:54:38.335Z] <<< [apiv2][status] GET https://compute.googleapis.com/compute/v1/projects/691923720143 403
[debug] [2026-02-20T07:54:38.335Z] <<< [apiv2][body] GET https://compute.googleapis.com/compute/v1/projects/691923720143 {"error":{"code":403,"message":"Compute Engine API has not been used in project 691923720143 before or it is disabled. Enable it by visiting https://console.developers.google.com/apis/api/compute.googleapis.com/overview?project=691923720143 then retry. If you enabled this API recently, wait a few minutes for the action to propagate to our systems and retry.","errors":[{"message":"Compute Engine API has not been used in project 691923720143 before or it is disabled. Enable it by visiting https://console.developers.google.com/apis/api/compute.googleapis.com/overview?project=691923720143 then retry. If you enabled this API recently, wait a few minutes for the action to propagate to our systems and retry.","domain":"usageLimits","reason":"accessNotConfigured","extendedHelp":"https://console.developers.google.com"}],"status":"PERMISSION_DENIED","details":[{"@type":"type.googleapis.com/google.rpc.ErrorInfo","reason":"SERVICE_DISABLED","domain":"googleapis.com","metadata":{"serviceTitle":"Compute Engine API","consumer":"projects/691923720143","activationUrl":"https://console.developers.google.com/apis/api/compute.googleapis.com/overview?project=691923720143","service":"compute.googleapis.com","containerInfo":"691923720143"}},{"@type":"type.googleapis.com/google.rpc.LocalizedMessage","locale":"en-US","message":"Compute Engine API has not been used in project 691923720143 before or it is disabled. Enable it by visiting https://console.developers.google.com/apis/api/compute.googleapis.com/overview?project=691923720143 then retry. If you enabled this API recently, wait a few minutes for the action to propagate to our systems and retry."},{"@type":"type.googleapis.com/google.rpc.Help","links":[{"description":"Google developers console API activation","url":"https://console.developers.google.com/apis/api/compute.googleapis.com/overview?project=691923720143"}]}]}}
[debug] [2026-02-20T07:54:38.335Z] unable to look up default compute service account. Falling back to 691923720143-compute@developer.gserviceaccount.com. Error: {"name":"FirebaseError","children":[],"context":{"body":{"error":{"code":403,"message":"Compute Engine API has not been used in project 691923720143 before or it is disabled. Enable it by visiting https://console.developers.google.com/apis/api/compute.googleapis.com/overview?project=691923720143 then retry. If you enabled this API recently, wait a few minutes for the action to propagate to our systems and retry.","errors":[{"message":"Compute Engine API has not been used in project 691923720143 before or it is disabled. Enable it by visiting https://console.developers.google.com/apis/api/compute.googleapis.com/overview?project=691923720143 then retry. If you enabled this API recently, wait a few minutes for the action to propagate to our systems and retry.","domain":"usageLimits","reason":"accessNotConfigured","extendedHelp":"https://console.developers.google.com"}],"status":"PERMISSION_DENIED","details":[{"@type":"type.googleapis.com/google.rpc.ErrorInfo","reason":"SERVICE_DISABLED","domain":"googleapis.com","metadata":{"serviceTitle":"Compute Engine API","consumer":"projects/691923720143","activationUrl":"https://console.developers.google.com/apis/api/compute.googleapis.com/overview?project=691923720143","service":"compute.googleapis.com","containerInfo":"691923720143"}},{"@type":"type.googleapis.com/google.rpc.LocalizedMessage","locale":"en-US","message":"Compute Engine API has not been used in project 691923720143 before or it is disabled. Enable it by visiting https://console.developers.google.com/apis/api/compute.googleapis.com/overview?project=691923720143 then retry. If you enabled this API recently, wait a few minutes for the action to propagate to our systems and retry."},{"@type":"type.googleapis.com/google.rpc.Help","links":[{"description":"Google developers console API activation","url":"https://console.developers.google.com/apis/api/compute.googleapis.com/overview?project=691923720143"}]}]}},"response":{"statusCode":403}},"exit":1,"message":"Request to https://compute.googleapis.com/compute/v1/projects/691923720143 had HTTP Error: 403, Compute Engine API has not been used in project 691923720143 before or it is disabled. Enable it by visiting https://console.developers.google.com/apis/api/compute.googleapis.com/overview?project=691923720143 then retry. If you enabled this API recently, wait a few minutes for the action to propagate to our systems and retry.","status":403}
[debug] [2026-02-20T07:54:38.336Z] Checked if tokens are valid: true, expires at: 1771575079512
[debug] [2026-02-20T07:54:38.336Z] Checked if tokens are valid: true, expires at: 1771575079512
[debug] [2026-02-20T07:54:38.336Z] >>> [apiv2][query] GET https://compute.googleapis.com/compute/v1/projects/691923720143 [none]
[debug] [2026-02-20T07:54:38.608Z] <<< [apiv2][status] GET https://compute.googleapis.com/compute/v1/projects/691923720143 403
[debug] [2026-02-20T07:54:38.608Z] <<< [apiv2][body] GET https://compute.googleapis.com/compute/v1/projects/691923720143 {"error":{"code":403,"message":"Compute Engine API has not been used in project 691923720143 before or it is disabled. Enable it by visiting https://console.developers.google.com/apis/api/compute.googleapis.com/overview?project=691923720143 then retry. If you enabled this API recently, wait a few minutes for the action to propagate to our systems and retry.","errors":[{"message":"Compute Engine API has not been used in project 691923720143 before or it is disabled. Enable it by visiting https://console.developers.google.com/apis/api/compute.googleapis.com/overview?project=691923720143 then retry. If you enabled this API recently, wait a few minutes for the action to propagate to our systems and retry.","domain":"usageLimits","reason":"accessNotConfigured","extendedHelp":"https://console.developers.google.com"}],"status":"PERMISSION_DENIED","details":[{"@type":"type.googleapis.com/google.rpc.ErrorInfo","reason":"SERVICE_DISABLED","domain":"googleapis.com","metadata":{"service":"compute.googleapis.com","containerInfo":"691923720143","consumer":"projects/691923720143","activationUrl":"https://console.developers.google.com/apis/api/compute.googleapis.com/overview?project=691923720143","serviceTitle":"Compute Engine API"}},{"@type":"type.googleapis.com/google.rpc.LocalizedMessage","locale":"en-US","message":"Compute Engine API has not been used in project 691923720143 before or it is disabled. Enable it by visiting https://console.developers.google.com/apis/api/compute.googleapis.com/overview?project=691923720143 then retry. If you enabled this API recently, wait a few minutes for the action to propagate to our systems and retry."},{"@type":"type.googleapis.com/google.rpc.Help","links":[{"description":"Google developers console API activation","url":"https://console.developers.google.com/apis/api/compute.googleapis.com/overview?project=691923720143"}]}]}}
[debug] [2026-02-20T07:54:38.608Z] unable to look up default compute service account. Falling back to 691923720143-compute@developer.gserviceaccount.com. Error: {"name":"FirebaseError","children":[],"context":{"body":{"error":{"code":403,"message":"Compute Engine API has not been used in project 691923720143 before or it is disabled. Enable it by visiting https://console.developers.google.com/apis/api/compute.googleapis.com/overview?project=691923720143 then retry. If you enabled this API recently, wait a few minutes for the action to propagate to our systems and retry.","errors":[{"message":"Compute Engine API has not been used in project 691923720143 before or it is disabled. Enable it by visiting https://console.developers.google.com/apis/api/compute.googleapis.com/overview?project=691923720143 then retry. If you enabled this API recently, wait a few minutes for the action to propagate to our systems and retry.","domain":"usageLimits","reason":"accessNotConfigured","extendedHelp":"https://console.developers.google.com"}],"status":"PERMISSION_DENIED","details":[{"@type":"type.googleapis.com/google.rpc.ErrorInfo","reason":"SERVICE_DISABLED","domain":"googleapis.com","metadata":{"service":"compute.googleapis.com","containerInfo":"691923720143","consumer":"projects/691923720143","activationUrl":"https://console.developers.google.com/apis/api/compute.googleapis.com/overview?project=691923720143","serviceTitle":"Compute Engine API"}},{"@type":"type.googleapis.com/google.rpc.LocalizedMessage","locale":"en-US","message":"Compute Engine API has not been used in project 691923720143 before or it is disabled. Enable it by visiting https://console.developers.google.com/apis/api/compute.googleapis.com/overview?project=691923720143 then retry. If you enabled this API recently, wait a few minutes for the action to propagate to our systems and retry."},{"@type":"type.googleapis.com/google.rpc.Help","links":[{"description":"Google developers console API activation","url":"https://console.developers.google.com/apis/api/compute.googleapis.com/overview?project=691923720143"}]}]}},"response":{"statusCode":403}},"exit":1,"message":"Request to https://compute.googleapis.com/compute/v1/projects/691923720143 had HTTP Error: 403, Compute Engine API has not been used in project 691923720143 before or it is disabled. Enable it by visiting https://console.developers.google.com/apis/api/compute.googleapis.com/overview?project=691923720143 then retry. If you enabled this API recently, wait a few minutes for the action to propagate to our systems and retry.","status":403}
[debug] [2026-02-20T07:54:38.608Z] Checked if tokens are valid: true, expires at: 1771575079512
[debug] [2026-02-20T07:54:38.608Z] Checked if tokens are valid: true, expires at: 1771575079512
[debug] [2026-02-20T07:54:38.608Z] >>> [apiv2][query] GET https://compute.googleapis.com/compute/v1/projects/691923720143 [none]
[debug] [2026-02-20T07:54:38.871Z] <<< [apiv2][status] GET https://compute.googleapis.com/compute/v1/projects/691923720143 403
[debug] [2026-02-20T07:54:38.871Z] <<< [apiv2][body] GET https://compute.googleapis.com/compute/v1/projects/691923720143 {"error":{"code":403,"message":"Compute Engine API has not been used in project 691923720143 before or it is disabled. Enable it by visiting https://console.developers.google.com/apis/api/compute.googleapis.com/overview?project=691923720143 then retry. If you enabled this API recently, wait a few minutes for the action to propagate to our systems and retry.","errors":[{"message":"Compute Engine API has not been used in project 691923720143 before or it is disabled. Enable it by visiting https://console.developers.google.com/apis/api/compute.googleapis.com/overview?project=691923720143 then retry. If you enabled this API recently, wait a few minutes for the action to propagate to our systems and retry.","domain":"usageLimits","reason":"accessNotConfigured","extendedHelp":"https://console.developers.google.com"}],"status":"PERMISSION_DENIED","details":[{"@type":"type.googleapis.com/google.rpc.ErrorInfo","reason":"SERVICE_DISABLED","domain":"googleapis.com","metadata":{"activationUrl":"https://console.developers.google.com/apis/api/compute.googleapis.com/overview?project=691923720143","serviceTitle":"Compute Engine API","containerInfo":"691923720143","consumer":"projects/691923720143","service":"compute.googleapis.com"}},{"@type":"type.googleapis.com/google.rpc.LocalizedMessage","locale":"en-US","message":"Compute Engine API has not been used in project 691923720143 before or it is disabled. Enable it by visiting https://console.developers.google.com/apis/api/compute.googleapis.com/overview?project=691923720143 then retry. If you enabled this API recently, wait a few minutes for the action to propagate to our systems and retry."},{"@type":"type.googleapis.com/google.rpc.Help","links":[{"description":"Google developers console API activation","url":"https://console.developers.google.com/apis/api/compute.googleapis.com/overview?project=691923720143"}]}]}}
[debug] [2026-02-20T07:54:38.871Z] unable to look up default compute service account. Falling back to 691923720143-compute@developer.gserviceaccount.com. Error: {"name":"FirebaseError","children":[],"context":{"body":{"error":{"code":403,"message":"Compute Engine API has not been used in project 691923720143 before or it is disabled. Enable it by visiting https://console.developers.google.com/apis/api/compute.googleapis.com/overview?project=691923720143 then retry. If you enabled this API recently, wait a few minutes for the action to propagate to our systems and retry.","errors":[{"message":"Compute Engine API has not been used in project 691923720143 before or it is disabled. Enable it by visiting https://console.developers.google.com/apis/api/compute.googleapis.com/overview?project=691923720143 then retry. If you enabled this API recently, wait a few minutes for the action to propagate to our systems and retry.","domain":"usageLimits","reason":"accessNotConfigured","extendedHelp":"https://console.developers.google.com"}],"status":"PERMISSION_DENIED","details":[{"@type":"type.googleapis.com/google.rpc.ErrorInfo","reason":"SERVICE_DISABLED","domain":"googleapis.com","metadata":{"activationUrl":"https://console.developers.google.com/apis/api/compute.googleapis.com/overview?project=691923720143","serviceTitle":"Compute Engine API","containerInfo":"691923720143","consumer":"projects/691923720143","service":"compute.googleapis.com"}},{"@type":"type.googleapis.com/google.rpc.LocalizedMessage","locale":"en-US","message":"Compute Engine API has not been used in project 691923720143 before or it is disabled. Enable it by visiting https://console.developers.google.com/apis/api/compute.googleapis.com/overview?project=691923720143 then retry. If you enabled this API recently, wait a few minutes for the action to propagate to our systems and retry."},{"@type":"type.googleapis.com/google.rpc.Help","links":[{"description":"Google developers console API activation","url":"https://console.developers.google.com/apis/api/compute.googleapis.com/overview?project=691923720143"}]}]}},"response":{"statusCode":403}},"exit":1,"message":"Request to https://compute.googleapis.com/compute/v1/projects/691923720143 had HTTP Error: 403, Compute Engine API has not been used in project 691923720143 before or it is disabled. Enable it by visiting https://console.developers.google.com/apis/api/compute.googleapis.com/overview?project=691923720143 then retry. If you enabled this API recently, wait a few minutes for the action to propagate to our systems and retry.","status":403}
[debug] [2026-02-20T07:54:38.871Z] Checked if tokens are valid: true, expires at: 1771575079512
[debug] [2026-02-20T07:54:38.871Z] Checked if tokens are valid: true, expires at: 1771575079512
[debug] [2026-02-20T07:54:38.871Z] >>> [apiv2][query] GET https://compute.googleapis.com/compute/v1/projects/691923720143 [none]
[debug] [2026-02-20T07:54:39.147Z] <<< [apiv2][status] GET https://compute.googleapis.com/compute/v1/projects/691923720143 403
[debug] [2026-02-20T07:54:39.147Z] <<< [apiv2][body] GET https://compute.googleapis.com/compute/v1/projects/691923720143 {"error":{"code":403,"message":"Compute Engine API has not been used in project 691923720143 before or it is disabled. Enable it by visiting https://console.developers.google.com/apis/api/compute.googleapis.com/overview?project=691923720143 then retry. If you enabled this API recently, wait a few minutes for the action to propagate to our systems and retry.","errors":[{"message":"Compute Engine API has not been used in project 691923720143 before or it is disabled. Enable it by visiting https://console.developers.google.com/apis/api/compute.googleapis.com/overview?project=691923720143 then retry. If you enabled this API recently, wait a few minutes for the action to propagate to our systems and retry.","domain":"usageLimits","reason":"accessNotConfigured","extendedHelp":"https://console.developers.google.com"}],"status":"PERMISSION_DENIED","details":[{"@type":"type.googleapis.com/google.rpc.ErrorInfo","reason":"SERVICE_DISABLED","domain":"googleapis.com","metadata":{"consumer":"projects/691923720143","activationUrl":"https://console.developers.google.com/apis/api/compute.googleapis.com/overview?project=691923720143","service":"compute.googleapis.com","serviceTitle":"Compute Engine API","containerInfo":"691923720143"}},{"@type":"type.googleapis.com/google.rpc.LocalizedMessage","locale":"en-US","message":"Compute Engine API has not been used in project 691923720143 before or it is disabled. Enable it by visiting https://console.developers.google.com/apis/api/compute.googleapis.com/overview?project=691923720143 then retry. If you enabled this API recently, wait a few minutes for the action to propagate to our systems and retry."},{"@type":"type.googleapis.com/google.rpc.Help","links":[{"description":"Google developers console API activation","url":"https://console.developers.google.com/apis/api/compute.googleapis.com/overview?project=691923720143"}]}]}}
[debug] [2026-02-20T07:54:39.147Z] unable to look up default compute service account. Falling back to 691923720143-compute@developer.gserviceaccount.com. Error: {"name":"FirebaseError","children":[],"context":{"body":{"error":{"code":403,"message":"Compute Engine API has not been used in project 691923720143 before or it is disabled. Enable it by visiting https://console.developers.google.com/apis/api/compute.googleapis.com/overview?project=691923720143 then retry. If you enabled this API recently, wait a few minutes for the action to propagate to our systems and retry.","errors":[{"message":"Compute Engine API has not been used in project 691923720143 before or it is disabled. Enable it by visiting https://console.developers.google.com/apis/api/compute.googleapis.com/overview?project=691923720143 then retry. If you enabled this API recently, wait a few minutes for the action to propagate to our systems and retry.","domain":"usageLimits","reason":"accessNotConfigured","extendedHelp":"https://console.developers.google.com"}],"status":"PERMISSION_DENIED","details":[{"@type":"type.googleapis.com/google.rpc.ErrorInfo","reason":"SERVICE_DISABLED","domain":"googleapis.com","metadata":{"consumer":"projects/691923720143","activationUrl":"https://console.developers.google.com/apis/api/compute.googleapis.com/overview?project=691923720143","service":"compute.googleapis.com","serviceTitle":"Compute Engine API","containerInfo":"691923720143"}},{"@type":"type.googleapis.com/google.rpc.LocalizedMessage","locale":"en-US","message":"Compute Engine API has not been used in project 691923720143 before or it is disabled. Enable it by visiting https://console.developers.google.com/apis/api/compute.googleapis.com/overview?project=691923720143 then retry. If you enabled this API recently, wait a few minutes for the action to propagate to our systems and retry."},{"@type":"type.googleapis.com/google.rpc.Help","links":[{"description":"Google developers console API activation","url":"https://console.developers.google.com/apis/api/compute.googleapis.com/overview?project=691923720143"}]}]}},"response":{"statusCode":403}},"exit":1,"message":"Request to https://compute.googleapis.com/compute/v1/projects/691923720143 had HTTP Error: 403, Compute Engine API has not been used in project 691923720143 before or it is disabled. Enable it by visiting https://console.developers.google.com/apis/api/compute.googleapis.com/overview?project=691923720143 then retry. If you enabled this API recently, wait a few minutes for the action to propagate to our systems and retry.","status":403}
[debug] [2026-02-20T07:54:39.148Z] Checked if tokens are valid: true, expires at: 1771575079512
[debug] [2026-02-20T07:54:39.148Z] Checked if tokens are valid: true, expires at: 1771575079512
[debug] [2026-02-20T07:54:39.148Z] >>> [apiv2][query] GET https://cloudbilling.googleapis.com/v1/projects/proj01-9dede/billingInfo [none]
[debug] [2026-02-20T07:54:40.420Z] <<< [apiv2][status] GET https://cloudbilling.googleapis.com/v1/projects/proj01-9dede/billingInfo 200
[debug] [2026-02-20T07:54:40.420Z] <<< [apiv2][body] GET https://cloudbilling.googleapis.com/v1/projects/proj01-9dede/billingInfo {"name":"projects/proj01-9dede/billingInfo","projectId":"proj01-9dede","billingAccountName":"billingAccounts/019686-A350C6-B20DF8","billingEnabled":true}
[debug] [2026-02-20T07:54:40.421Z] Checked if tokens are valid: true, expires at: 1771575079512
[debug] [2026-02-20T07:54:40.421Z] Checked if tokens are valid: true, expires at: 1771575079512
[debug] [2026-02-20T07:54:40.421Z] Checked if tokens are valid: true, expires at: 1771575079512
[debug] [2026-02-20T07:54:40.421Z] Checked if tokens are valid: true, expires at: 1771575079512
[debug] [2026-02-20T07:54:40.421Z] >>> [apiv2][query] POST https://cloudfunctions.googleapis.com/v1/projects/proj01-9dede/locations/us-central1/functions:generateUploadUrl [none]
[debug] [2026-02-20T07:54:40.421Z] >>> [apiv2][body] POST https://cloudfunctions.googleapis.com/v1/projects/proj01-9dede/locations/us-central1/functions:generateUploadUrl {}
[debug] [2026-02-20T07:54:40.421Z] >>> [apiv2][query] POST https://cloudfunctions.googleapis.com/v2/projects/proj01-9dede/locations/asia-northeast3/functions:generateUploadUrl [none]
[debug] [2026-02-20T07:54:40.755Z] <<< [apiv2][status] POST https://cloudfunctions.googleapis.com/v2/projects/proj01-9dede/locations/asia-northeast3/functions:generateUploadUrl 200
[debug] [2026-02-20T07:54:40.755Z] <<< [apiv2][body] POST https://cloudfunctions.googleapis.com/v2/projects/proj01-9dede/locations/asia-northeast3/functions:generateUploadUrl {"uploadUrl":"https://storage.googleapis.com/gcf-v2-uploads-691923720143.asia-northeast3.cloudfunctions.appspot.com/a7754aea-d32f-443b-9f52-45937c9d530c.zip?GoogleAccessId=service-691923720143@gcf-admin-robot.iam.gserviceaccount.com&Expires=1771575882&Signature=arZkSXlvIiD0JlhVuhZGQcybV8WX5iwzxtow5GbpomWhdg%2BKXF7dLfu3Gf7siycO8XI4Mx8DJk5YzhW%2BYa%2Fr8JMcJUueWrPlKGWZ11qLk%2BhC73UwpZGkCr%2F5Opk31mGWLkFmATJ3X0ReimRI%2B4t6hVGAKMMlPtjB1uhIAC7kRKktC%2Fvoa4yw8D01X1J1pBajT2Wa93O%2BDc3zaWwLF2YpDVt5M4pagIWUa5J%2Bej1vXoW%2F3s1rVlA4GjuorbZeUw1M7%2BlwrDhjj0rNrd8jGk7NkazY0KOnp9SQ2%2Bi7QaNlV2s0UU9Qw6xQlnodJLMkD%2Fn3xRnviFez9ztj2EFN1%2FM28Q%3D%3D","storageSource":{"bucket":"gcf-v2-uploads-691923720143.asia-northeast3.cloudfunctions.appspot.com","object":"a7754aea-d32f-443b-9f52-45937c9d530c.zip"}}
[debug] [2026-02-20T07:54:40.756Z] >>> [apiv2][query] PUT https://storage.googleapis.com/gcf-v2-uploads-691923720143.asia-northeast3.cloudfunctions.appspot.com/a7754aea-d32f-443b-9f52-45937c9d530c.zip GoogleAccessId=service-691923720143%40gcf-admin-robot.iam.gserviceaccount.com&Expires=1771575882&Signature=arZkSXlvIiD0JlhVuhZGQcybV8WX5iwzxtow5GbpomWhdg%2BKXF7dLfu3Gf7siycO8XI4Mx8DJk5YzhW%2BYa%2Fr8JMcJUueWrPlKGWZ11qLk%2BhC73UwpZGkCr%2F5Opk31mGWLkFmATJ3X0ReimRI%2B4t6hVGAKMMlPtjB1uhIAC7kRKktC%2Fvoa4yw8D01X1J1pBajT2Wa93O%2BDc3zaWwLF2YpDVt5M4pagIWUa5J%2Bej1vXoW%2F3s1rVlA4GjuorbZeUw1M7%2BlwrDhjj0rNrd8jGk7NkazY0KOnp9SQ2%2Bi7QaNlV2s0UU9Qw6xQlnodJLMkD%2Fn3xRnviFez9ztj2EFN1%2FM28Q%3D%3D
[debug] [2026-02-20T07:54:40.756Z] >>> [apiv2][body] PUT https://storage.googleapis.com/gcf-v2-uploads-691923720143.asia-northeast3.cloudfunctions.appspot.com/a7754aea-d32f-443b-9f52-45937c9d530c.zip [stream]
[debug] [2026-02-20T07:54:41.194Z] <<< [apiv2][status] POST https://cloudfunctions.googleapis.com/v1/projects/proj01-9dede/locations/us-central1/functions:generateUploadUrl 200
[debug] [2026-02-20T07:54:41.195Z] <<< [apiv2][body] POST https://cloudfunctions.googleapis.com/v1/projects/proj01-9dede/locations/us-central1/functions:generateUploadUrl {"uploadUrl":"https://storage.googleapis.com/uploads-1073698997961.us-central1.cloudfunctions.appspot.com/b9b66905-1b69-4f27-aac9-dc6360bbf4de.zip?GoogleAccessId=service-691923720143@gcf-admin-robot.iam.gserviceaccount.com&Expires=1771575882&Signature=LYepKcir6zp8uwNjp5yd50VlpO5pNR6O8BUZDZm9Y%2FCOi9V5aUdESeo5wRrXyfK31pSiVwbJD2fyrlnYRx3VWk4QFOhL1ZNZ49KIVVFRTaKc5CEROcnnPeJJnuDRQ9gEuo%2FkpGMaT4jD69BBmRUHZUzuLsQJLwbtrB621GcZraDZX2eCWVbF8YpPRoWCwqN5qDDfnZCjulX7fF9EK6KuMUOhMBjnBUXDIprDlBDo2iLtobG%2B0S4B2hTPf7w9WUueiwawq9cXdZG%2F8lJVCyFgHWfS1KQIIzi6Ij9VPsn9Z2b1dnzsjFq2yhgwNAihEVJXaRKl1VCoaw6fS1U%2Fqqrrpg%3D%3D"}
[debug] [2026-02-20T07:54:41.195Z] >>> [apiv2][query] PUT https://storage.googleapis.com/uploads-1073698997961.us-central1.cloudfunctions.appspot.com/b9b66905-1b69-4f27-aac9-dc6360bbf4de.zip GoogleAccessId=service-691923720143%40gcf-admin-robot.iam.gserviceaccount.com&Expires=1771575882&Signature=LYepKcir6zp8uwNjp5yd50VlpO5pNR6O8BUZDZm9Y%2FCOi9V5aUdESeo5wRrXyfK31pSiVwbJD2fyrlnYRx3VWk4QFOhL1ZNZ49KIVVFRTaKc5CEROcnnPeJJnuDRQ9gEuo%2FkpGMaT4jD69BBmRUHZUzuLsQJLwbtrB621GcZraDZX2eCWVbF8YpPRoWCwqN5qDDfnZCjulX7fF9EK6KuMUOhMBjnBUXDIprDlBDo2iLtobG%2B0S4B2hTPf7w9WUueiwawq9cXdZG%2F8lJVCyFgHWfS1KQIIzi6Ij9VPsn9Z2b1dnzsjFq2yhgwNAihEVJXaRKl1VCoaw6fS1U%2Fqqrrpg%3D%3D
[debug] [2026-02-20T07:54:41.195Z] >>> [apiv2][body] PUT https://storage.googleapis.com/uploads-1073698997961.us-central1.cloudfunctions.appspot.com/b9b66905-1b69-4f27-aac9-dc6360bbf4de.zip [stream]
[debug] [2026-02-20T07:54:41.412Z] <<< [apiv2][status] PUT https://storage.googleapis.com/gcf-v2-uploads-691923720143.asia-northeast3.cloudfunctions.appspot.com/a7754aea-d32f-443b-9f52-45937c9d530c.zip 200
[debug] [2026-02-20T07:54:41.412Z] <<< [apiv2][body] PUT https://storage.googleapis.com/gcf-v2-uploads-691923720143.asia-northeast3.cloudfunctions.appspot.com/a7754aea-d32f-443b-9f52-45937c9d530c.zip [omitted]
[debug] [2026-02-20T07:54:42.141Z] <<< [apiv2][status] PUT https://storage.googleapis.com/uploads-1073698997961.us-central1.cloudfunctions.appspot.com/b9b66905-1b69-4f27-aac9-dc6360bbf4de.zip 200
[debug] [2026-02-20T07:54:42.141Z] <<< [apiv2][body] PUT https://storage.googleapis.com/uploads-1073698997961.us-central1.cloudfunctions.appspot.com/b9b66905-1b69-4f27-aac9-dc6360bbf4de.zip [omitted]
[info] +  functions: functions source uploaded successfully 
[info] i  functions: Skipping the deploy of unchanged functions. 
[info] +  functions[translateManga(asia-northeast3)] Skipped (No changes detected) 
[info] +  functions[translateNovelTxt(asia-northeast3)] Skipped (No changes detected) 
[info] +  functions[translateVnFast(asia-northeast3)] Skipped (No changes detected) 
[info] +  functions[purchaseVnCredits(asia-northeast3)] Skipped (No changes detected) 
[info] +  functions[verifyPurchase(asia-northeast3)] Skipped (No changes detected) 
[info] i  functions: updating Node.js 20 (1st Gen) function onUserCreated(us-central1)... 
[debug] [2026-02-20T07:54:42.145Z] Checked if tokens are valid: true, expires at: 1771575079512
[debug] [2026-02-20T07:54:42.145Z] Checked if tokens are valid: true, expires at: 1771575079512
[debug] [2026-02-20T07:54:42.145Z] >>> [apiv2][query] PATCH https://cloudfunctions.googleapis.com/v1/projects/proj01-9dede/locations/us-central1/functions/onUserCreated updateMask=name%2CsourceUploadUrl%2CentryPoint%2Cruntime%2CdockerRegistry%2Clabels%2CeventTrigger.eventType%2CeventTrigger.resource%2CeventTrigger.failurePolicy%2CminInstances%2CmaxInstances%2CingressSettings%2CenvironmentVariables%2CserviceAccountEmail%2CavailableMemoryMb%2Ctimeout%2CvpcConnector%2CvpcConnectorEgressSettings%2CsourceToken%2CbuildEnvironmentVariables
[debug] [2026-02-20T07:54:42.145Z] >>> [apiv2][body] PATCH https://cloudfunctions.googleapis.com/v1/projects/proj01-9dede/locations/us-central1/functions/onUserCreated {"name":"projects/proj01-9dede/locations/us-central1/functions/onUserCreated","sourceUploadUrl":"https://storage.googleapis.com/uploads-1073698997961.us-central1.cloudfunctions.appspot.com/b9b66905-1b69-4f27-aac9-dc6360bbf4de.zip?GoogleAccessId=service-691923720143@gcf-admin-robot.iam.gserviceaccount.com&Expires=1771575882&Signature=LYepKcir6zp8uwNjp5yd50VlpO5pNR6O8BUZDZm9Y%2FCOi9V5aUdESeo5wRrXyfK31pSiVwbJD2fyrlnYRx3VWk4QFOhL1ZNZ49KIVVFRTaKc5CEROcnnPeJJnuDRQ9gEuo%2FkpGMaT4jD69BBmRUHZUzuLsQJLwbtrB621GcZraDZX2eCWVbF8YpPRoWCwqN5qDDfnZCjulX7fF9EK6KuMUOhMBjnBUXDIprDlBDo2iLtobG%2B0S4B2hTPf7w9WUueiwawq9cXdZG%2F8lJVCyFgHWfS1KQIIzi6Ij9VPsn9Z2b1dnzsjFq2yhgwNAihEVJXaRKl1VCoaw6fS1U%2Fqqrrpg%3D%3D","entryPoint":"onUserCreated","runtime":"nodejs20","dockerRegistry":"ARTIFACT_REGISTRY","labels":{"deployment-tool":"cli-firebase","firebase-functions-hash":"5126ae448f384c99a65afaf4c78f893788bcac05"},"eventTrigger":{"eventType":"providers/firebase.auth/eventTypes/user.create","resource":"projects/proj01-9dede"},"minInstances":null,"maxInstances":null,"ingressSettings":null,"environmentVariables":{"FIREBASE_CONFIG":"{\"projectId\":\"proj01-9dede\",\"storageBucket\":\"proj01-9dede.firebasestorage.app\"}","GCLOUD_PROJECT":"proj01-9dede","EVENTARC_CLOUD_EVENT_SOURCE":"projects/proj01-9dede/locations/us-central1/functions/onUserCreated"},"serviceAccountEmail":null,"availableMemoryMb":null,"timeout":null,"vpcConnector":null,"vpcConnectorEgressSettings":null,"buildEnvironmentVariables":{"GOOGLE_NODE_RUN_SCRIPTS":""}}
[debug] [2026-02-20T07:54:43.149Z] <<< [apiv2][status] PATCH https://cloudfunctions.googleapis.com/v1/projects/proj01-9dede/locations/us-central1/functions/onUserCreated 400
[debug] [2026-02-20T07:54:43.149Z] <<< [apiv2][body] PATCH https://cloudfunctions.googleapis.com/v1/projects/proj01-9dede/locations/us-central1/functions/onUserCreated {"error":{"code":400,"message":"An operation on function onUserCreated in region us-central1 in project proj01-9dede is already in progress. Please try again later.","status":"FAILED_PRECONDITION"}}
[warn] !  functions: failed to update function projects/proj01-9dede/locations/us-central1/functions/onUserCreated 
[error] Failed to update function projects/proj01-9dede/locations/us-central1/functions/onUserCreated
[debug] [2026-02-20T07:54:43.153Z] Total Function Deployment time: 1006
[debug] [2026-02-20T07:54:43.153Z] 1 Functions Deployed
[debug] [2026-02-20T07:54:43.153Z] 1 Functions Errored
[debug] [2026-02-20T07:54:43.153Z] 0 Function Deployments Aborted
[debug] [2026-02-20T07:54:43.153Z] Average Function Deployment time: 1005
[info] 
[info] Functions deploy had errors with the following functions:
	onUserCreated(us-central1)
[debug] [2026-02-20T07:54:43.693Z] Checked if tokens are valid: true, expires at: 1771575079512
[debug] [2026-02-20T07:54:43.693Z] Checked if tokens are valid: true, expires at: 1771575079512
[debug] [2026-02-20T07:54:43.693Z] Checked if tokens are valid: true, expires at: 1771575079512
[debug] [2026-02-20T07:54:43.693Z] Checked if tokens are valid: true, expires at: 1771575079512
[debug] [2026-02-20T07:54:43.693Z] >>> [apiv2][query] GET https://artifactregistry.googleapis.com/v1/projects/proj01-9dede/locations/asia-northeast3/repositories/gcf-artifacts [none]
[debug] [2026-02-20T07:54:43.694Z] >>> [apiv2][query] GET https://artifactregistry.googleapis.com/v1/projects/proj01-9dede/locations/us-central1/repositories/gcf-artifacts [none]
[debug] [2026-02-20T07:54:44.452Z] <<< [apiv2][status] GET https://artifactregistry.googleapis.com/v1/projects/proj01-9dede/locations/asia-northeast3/repositories/gcf-artifacts 200
[debug] [2026-02-20T07:54:44.452Z] <<< [apiv2][body] GET https://artifactregistry.googleapis.com/v1/projects/proj01-9dede/locations/asia-northeast3/repositories/gcf-artifacts {"name":"projects/proj01-9dede/locations/asia-northeast3/repositories/gcf-artifacts","format":"DOCKER","description":"This repository is created and used by Cloud Functions for storing function docker images.","labels":{"goog-managed-by":"cloudfunctions"},"createTime":"2026-02-13T13:39:35.818381Z","updateTime":"2026-02-20T07:52:05.189028Z","mode":"STANDARD_REPOSITORY","cleanupPolicies":{"firebase-functions-cleanup":{"id":"firebase-functions-cleanup","action":"DELETE","condition":{"tagState":"ANY","olderThan":"2592000s"}}},"sizeBytes":"283681002","satisfiesPzs":true,"vulnerabilityScanningConfig":{"lastEnableTime":"2026-02-13T13:39:23.603315778Z","enablementState":"SCANNING_DISABLED","enablementStateReason":"API containerscanning.googleapis.com is not enabled."},"satisfiesPzi":true,"registryUri":"asia-northeast3-docker.pkg.dev/proj01-9dede/gcf-artifacts"}
[debug] [2026-02-20T07:54:45.115Z] <<< [apiv2][status] GET https://artifactregistry.googleapis.com/v1/projects/proj01-9dede/locations/us-central1/repositories/gcf-artifacts 200
[debug] [2026-02-20T07:54:45.115Z] <<< [apiv2][body] GET https://artifactregistry.googleapis.com/v1/projects/proj01-9dede/locations/us-central1/repositories/gcf-artifacts {"name":"projects/proj01-9dede/locations/us-central1/repositories/gcf-artifacts","format":"DOCKER","description":"This repository is created and used by Cloud Functions for storing function docker images.","labels":{"goog-managed-by":"cloudfunctions"},"createTime":"2026-02-14T03:39:53.558092Z","updateTime":"2026-02-20T07:51:47.609988Z","mode":"STANDARD_REPOSITORY","cleanupPolicies":{"firebase-functions-cleanup":{"id":"firebase-functions-cleanup","action":"DELETE","condition":{"tagState":"ANY","olderThan":"2592000s"}}},"sizeBytes":"954748119","vulnerabilityScanningConfig":{"lastEnableTime":"2026-02-14T03:39:46.202422547Z","enablementState":"SCANNING_DISABLED","enablementStateReason":"API containerscanning.googleapis.com is not enabled."},"satisfiesPzi":true,"registryUri":"us-central1-docker.pkg.dev/proj01-9dede/gcf-artifacts"}
[debug] [2026-02-20T07:54:45.115Z] Functions deploy failed.
[debug] [2026-02-20T07:54:45.115Z] {
  "endpoint": {
    "id": "onUserCreated",
    "project": "proj01-9dede",
    "region": "us-central1",
    "entryPoint": "onUserCreated",
    "platform": "gcfv1",
    "runtime": "nodejs20",
    "eventTrigger": {
      "eventType": "providers/firebase.auth/eventTypes/user.create",
      "retry": false,
      "eventFilters": {
        "resource": "projects/proj01-9dede"
      }
    },
    "labels": {
      "deployment-tool": "cli-firebase"
    },
    "serviceAccount": null,
    "ingressSettings": null,
    "availableMemoryMb": null,
    "timeoutSeconds": null,
    "maxInstances": null,
    "minInstances": null,
    "vpc": null,
    "environmentVariables": {
      "FIREBASE_CONFIG": "{\"projectId\":\"proj01-9dede\",\"storageBucket\":\"proj01-9dede.firebasestorage.app\"}",
      "GCLOUD_PROJECT": "proj01-9dede",
      "EVENTARC_CLOUD_EVENT_SOURCE": "projects/proj01-9dede/locations/us-central1/functions/onUserCreated"
    },
    "codebase": "default",
    "securityLevel": "SECURE_ALWAYS",
    "targetedByOnly": false,
    "hash": "5126ae448f384c99a65afaf4c78f893788bcac05"
  },
  "op": "update",
  "original": {
    "name": "FirebaseError",
    "children": [],
    "context": {
      "function": "projects/proj01-9dede/locations/us-central1/functions/onUserCreated"
    },
    "exit": 1,
    "message": "Failed to update function projects/proj01-9dede/locations/us-central1/functions/onUserCreated",
    "original": {
      "name": "FirebaseError",
      "children": [],
      "context": {
        "body": {
          "error": {
            "code": 400,
            "message": "An operation on function onUserCreated in region us-central1 in project proj01-9dede is already in progress. Please try again later.",
            "status": "FAILED_PRECONDITION"
          }
        },
        "response": {
          "statusCode": 400
        }
      },
      "exit": 1,
      "message": "Request to https://cloudfunctions.googleapis.com/v1/projects/proj01-9dede/locations/us-central1/functions/onUserCreated?updateMask=name%2CsourceUploadUrl%2CentryPoint%2Cruntime%2CdockerRegistry%2Clabels%2CeventTrigger.eventType%2CeventTrigger.resource%2CeventTrigger.failurePolicy%2CminInstances%2CmaxInstances%2CingressSettings%2CenvironmentVariables%2CserviceAccountEmail%2CavailableMemoryMb%2Ctimeout%2CvpcConnector%2CvpcConnectorEgressSettings%2CsourceToken%2CbuildEnvironmentVariables had HTTP Error: 400, An operation on function onUserCreated in region us-central1 in project proj01-9dede is already in progress. Please try again later.",
      "status": 400
    },
    "status": 400,
    "code": 400
  }
}
[debug] [2026-02-20T07:54:45.196Z] Error: Failed to update function onUserCreated in region us-central1
    at C:\Users\tunar\AppData\Roaming\npm\node_modules\firebase-tools\lib\deploy\functions\release\fabricator.js:54:11
    at process.processTicksAndRejections (node:internal/process/task_queues:103:5)
    at async Fabricator.updateV1Function (C:\Users\tunar\AppData\Roaming\npm\node_modules\firebase-tools\lib\deploy\functions\release\fabricator.js:384:32)
    at async Fabricator.updateEndpoint (C:\Users\tunar\AppData\Roaming\npm\node_modules\firebase-tools\lib\deploy\functions\release\fabricator.js:157:13)
    at async handle (C:\Users\tunar\AppData\Roaming\npm\node_modules\firebase-tools\lib\deploy\functions\release\fabricator.js:91:17)
[error] 
[error] Error: There was an error deploying functions
